Performing C SOURCE FILE Test CMAKE_HAVE_LIBC_PTHREAD failed with the following output:
Change Dir: /home/lidiane/CLionProjects/artoolkitx-master/Source/cmake-build-debug/CMakeFiles/CMakeTmp

Run Build Command(s):/usr/bin/make cmTC_743c3/fast && /usr/bin/make -f CMakeFiles/cmTC_743c3.dir/build.make CMakeFiles/cmTC_743c3.dir/build
make[1]: Entering directory '/home/lidiane/CLionProjects/artoolkitx-master/Source/cmake-build-debug/CMakeFiles/CMakeTmp'
Building C object CMakeFiles/cmTC_743c3.dir/src.c.o
/usr/bin/cc   -std=gnu11 -march=core2 -fPIC -Wl,-rpath-link,/home/lidiane/CLionProjects/artoolkitx-master/Source/depends/linux/lib -DCMAKE_HAVE_LIBC_PTHREAD   -o CMakeFiles/cmTC_743c3.dir/src.c.o   -c /home/lidiane/CLionProjects/artoolkitx-master/Source/cmake-build-debug/CMakeFiles/CMakeTmp/src.c
Linking C executable cmTC_743c3
/home/lidiane/Downloads/CLion-2019.3.5/clion-2019.3.5/bin/cmake/linux/bin/cmake -E cmake_link_script CMakeFiles/cmTC_743c3.dir/link.txt --verbose=1
/usr/bin/cc  -std=gnu11 -march=core2 -fPIC -Wl,-rpath-link,/home/lidiane/CLionProjects/artoolkitx-master/Source/depends/linux/lib -DCMAKE_HAVE_LIBC_PTHREAD    CMakeFiles/cmTC_743c3.dir/src.c.o  -o cmTC_743c3 
CMakeFiles/cmTC_743c3.dir/src.c.o: Na função "main":
src.c:(.text+0x3e): referência não definida para "pthread_create"
src.c:(.text+0x4a): referência não definida para "pthread_detach"
src.c:(.text+0x5b): referência não definida para "pthread_join"
src.c:(.text+0x6f): referência não definida para "pthread_atfork"
collect2: error: ld returned 1 exit status
CMakeFiles/cmTC_743c3.dir/build.make:86: recipe for target 'cmTC_743c3' failed
make[1]: *** [cmTC_743c3] Error 1
make[1]: Leaving directory '/home/lidiane/CLionProjects/artoolkitx-master/Source/cmake-build-debug/CMakeFiles/CMakeTmp'
Makefile:121: recipe for target 'cmTC_743c3/fast' failed
make: *** [cmTC_743c3/fast] Error 2


Source file was:
#include <pthread.h>

void* test_func(void* data)
{
  return data;
}

int main(void)
{
  pthread_t thread;
  pthread_create(&thread, NULL, test_func, NULL);
  pthread_detach(thread);
  pthread_join(thread, NULL);
  pthread_atfork(NULL, NULL, NULL);
  pthread_exit(NULL);

  return 0;
}

Determining if the function pthread_create exists in the pthreads failed with the following output:
Change Dir: /home/lidiane/CLionProjects/artoolkitx-master/Source/cmake-build-debug/CMakeFiles/CMakeTmp

Run Build Command(s):/usr/bin/make cmTC_bf6a1/fast && /usr/bin/make -f CMakeFiles/cmTC_bf6a1.dir/build.make CMakeFiles/cmTC_bf6a1.dir/build
make[1]: Entering directory '/home/lidiane/CLionProjects/artoolkitx-master/Source/cmake-build-debug/CMakeFiles/CMakeTmp'
Building C object CMakeFiles/cmTC_bf6a1.dir/CheckFunctionExists.c.o
/usr/bin/cc   -std=gnu11 -march=core2 -fPIC -Wl,-rpath-link,/home/lidiane/CLionProjects/artoolkitx-master/Source/depends/linux/lib -DCHECK_FUNCTION_EXISTS=pthread_create   -o CMakeFiles/cmTC_bf6a1.dir/CheckFunctionExists.c.o   -c /home/lidiane/Downloads/CLion-2019.3.5/clion-2019.3.5/bin/cmake/linux/share/cmake-3.15/Modules/CheckFunctionExists.c
Linking C executable cmTC_bf6a1
/home/lidiane/Downloads/CLion-2019.3.5/clion-2019.3.5/bin/cmake/linux/bin/cmake -E cmake_link_script CMakeFiles/cmTC_bf6a1.dir/link.txt --verbose=1
/usr/bin/cc  -std=gnu11 -march=core2 -fPIC -Wl,-rpath-link,/home/lidiane/CLionProjects/artoolkitx-master/Source/depends/linux/lib -DCHECK_FUNCTION_EXISTS=pthread_create    CMakeFiles/cmTC_bf6a1.dir/CheckFunctionExists.c.o  -o cmTC_bf6a1 -lpthreads 
/usr/bin/ld: não foi possível localizar -lpthreads
collect2: error: ld returned 1 exit status
CMakeFiles/cmTC_bf6a1.dir/build.make:86: recipe for target 'cmTC_bf6a1' failed
make[1]: *** [cmTC_bf6a1] Error 1
make[1]: Leaving directory '/home/lidiane/CLionProjects/artoolkitx-master/Source/cmake-build-debug/CMakeFiles/CMakeTmp'
Makefile:121: recipe for target 'cmTC_bf6a1/fast' failed
make: *** [cmTC_bf6a1/fast] Error 2



