Performing C SOURCE FILE Test CMAKE_HAVE_LIBC_PTHREAD failed with the following output:
Change Dir: /home/lidiane/CLionProjects/vk/vk_raytracing_tutorial-master/cmake-build-debug/CMakeFiles/CMakeTmp

Run Build Command(s):/usr/bin/make cmTC_95fbb/fast && /usr/bin/make -f CMakeFiles/cmTC_95fbb.dir/build.make CMakeFiles/cmTC_95fbb.dir/build
make[1]: Entering directory '/home/lidiane/CLionProjects/vk/vk_raytracing_tutorial-master/cmake-build-debug/CMakeFiles/CMakeTmp'
Building C object CMakeFiles/cmTC_95fbb.dir/src.c.o
/usr/bin/cc   -DCMAKE_HAVE_LIBC_PTHREAD   -o CMakeFiles/cmTC_95fbb.dir/src.c.o   -c /home/lidiane/CLionProjects/vk/vk_raytracing_tutorial-master/cmake-build-debug/CMakeFiles/CMakeTmp/src.c
Linking C executable cmTC_95fbb
/home/lidiane/Downloads/CLion-2019.3.5/clion-2019.3.5/bin/cmake/linux/bin/cmake -E cmake_link_script CMakeFiles/cmTC_95fbb.dir/link.txt --verbose=1
/usr/bin/cc  -DCMAKE_HAVE_LIBC_PTHREAD    -rdynamic CMakeFiles/cmTC_95fbb.dir/src.c.o  -o cmTC_95fbb 
CMakeFiles/cmTC_95fbb.dir/src.c.o: Na função "main":
src.c:(.text+0x3e): referência não definida para "pthread_create"
src.c:(.text+0x4a): referência não definida para "pthread_detach"
src.c:(.text+0x5b): referência não definida para "pthread_join"
src.c:(.text+0x6f): referência não definida para "pthread_atfork"
collect2: error: ld returned 1 exit status
CMakeFiles/cmTC_95fbb.dir/build.make:86: recipe for target 'cmTC_95fbb' failed
make[1]: *** [cmTC_95fbb] Error 1
make[1]: Leaving directory '/home/lidiane/CLionProjects/vk/vk_raytracing_tutorial-master/cmake-build-debug/CMakeFiles/CMakeTmp'
Makefile:121: recipe for target 'cmTC_95fbb/fast' failed
make: *** [cmTC_95fbb/fast] Error 2


Source file was:
#include <pthread.h>

void* test_func(void* data)
{
  return data;
}

int main(void)
{
  pthread_t thread;
  pthread_create(&thread, NULL, test_func, NULL);
  pthread_detach(thread);
  pthread_join(thread, NULL);
  pthread_atfork(NULL, NULL, NULL);
  pthread_exit(NULL);

  return 0;
}

Determining if the function pthread_create exists in the pthreads failed with the following output:
Change Dir: /home/lidiane/CLionProjects/vk/vk_raytracing_tutorial-master/cmake-build-debug/CMakeFiles/CMakeTmp

Run Build Command(s):/usr/bin/make cmTC_ccea5/fast && /usr/bin/make -f CMakeFiles/cmTC_ccea5.dir/build.make CMakeFiles/cmTC_ccea5.dir/build
make[1]: Entering directory '/home/lidiane/CLionProjects/vk/vk_raytracing_tutorial-master/cmake-build-debug/CMakeFiles/CMakeTmp'
Building C object CMakeFiles/cmTC_ccea5.dir/CheckFunctionExists.c.o
/usr/bin/cc   -DCHECK_FUNCTION_EXISTS=pthread_create   -o CMakeFiles/cmTC_ccea5.dir/CheckFunctionExists.c.o   -c /home/lidiane/Downloads/CLion-2019.3.5/clion-2019.3.5/bin/cmake/linux/share/cmake-3.15/Modules/CheckFunctionExists.c
Linking C executable cmTC_ccea5
/home/lidiane/Downloads/CLion-2019.3.5/clion-2019.3.5/bin/cmake/linux/bin/cmake -E cmake_link_script CMakeFiles/cmTC_ccea5.dir/link.txt --verbose=1
/usr/bin/cc  -DCHECK_FUNCTION_EXISTS=pthread_create    -rdynamic CMakeFiles/cmTC_ccea5.dir/CheckFunctionExists.c.o  -o cmTC_ccea5 -lpthreads 
/usr/bin/ld: não foi possível localizar -lpthreads
collect2: error: ld returned 1 exit status
CMakeFiles/cmTC_ccea5.dir/build.make:86: recipe for target 'cmTC_ccea5' failed
make[1]: *** [cmTC_ccea5] Error 1
make[1]: Leaving directory '/home/lidiane/CLionProjects/vk/vk_raytracing_tutorial-master/cmake-build-debug/CMakeFiles/CMakeTmp'
Makefile:121: recipe for target 'cmTC_ccea5/fast' failed
make: *** [cmTC_ccea5/fast] Error 2



